<?xml version="1.0" encoding="utf-8"?><testsuites><testsuite name="pytest" errors="0" failures="0" skipped="0" tests="6" time="5.216" timestamp="2025-05-21T18:24:50.748539" hostname="OA1"><testcase classname="tests.test_acoes_critico" name="test_geracao_acao_critica" time="0.007" /><testcase classname="tests.test_acoes_critico" name="test_plano_acao_completo" time="0.003" /><testcase classname="tests.test_acoes_critico" name="test_priorizacao_acoes" time="0.003" /><testcase classname="tests.test_acoes_critico" name="test_dependencias_acoes" time="0.003" /><testcase classname="tests.test_acoes_critico" name="test_validacao_acoes" time="0.003" /><testcase classname="tests.test_acoes_critico" name="test_evolucao_plano_acao" time="0.003" /></testsuite></testsuites>