<?xml version="1.0" encoding="utf-8"?><testsuites><testsuite name="pytest" errors="0" failures="0" skipped="0" tests="0" time="13.467" timestamp="2025-05-21T11:22:44.790885-03:00" hostname="OA1" /></testsuites>